Unity Editor version:    2021.1.23f1 (b50729e604a9)
Branch:                  2021.1/staging
Build type:              Release
Batch mode:              YES
macOS version:           Version 10.15.7 (Build 19H1217)
Darwin version:          19.6.0
Architecture:            x86_64
Running under Rosetta:   NO
Available memory:        8192 MB
Using pre-set license
Pro License: NO
Pro License: NO

COMMAND LINE ARGUMENTS:
/Applications/Unity/Hub/Editor/2021.1.23f1/Unity.app/Contents/MacOS/Unity
-adb2
-batchMode
-noUpm
-name
AssetImportWorker0
-projectPath
/Users/chenmingming/Desktop/unity/Unity_2D_jump/2D_jump
-logFile
Logs/AssetImportWorker0.log
-srvPort
56243
Successfully changed project path to: /Users/chenmingming/Desktop/unity/Unity_2D_jump/2D_jump
/Users/chenmingming/Desktop/unity/Unity_2D_jump/2D_jump
Using Asset Import Pipeline V2.
Refreshing native plugins compatible for Editor in 131.31 ms, found 3 plugins.
Preloading 0 native plugins for Editor in 0.00 ms.
Initialize engine version: 2021.1.23f1 (b50729e604a9)
[Subsystems] Discovering subsystems at path /Applications/Unity/Hub/Editor/2021.1.23f1/Unity.app/Contents/Resources/UnitySubsystems
[Subsystems] Discovering subsystems at path /Users/chenmingming/Desktop/unity/Unity_2D_jump/2D_jump/Assets
GfxDevice: creating device client; threaded=0; jobified=0
2021-11-07 01:12:15.794 Unity[8112:425415] Color LCD preferred device: Intel(R) Iris(TM) Plus Graphics 640 (low power)
2021-11-07 01:12:15.794 Unity[8112:425415] Metal devices available: 1
2021-11-07 01:12:15.794 Unity[8112:425415] 0: Intel(R) Iris(TM) Plus Graphics 640 (low power)
2021-11-07 01:12:15.794 Unity[8112:425415] Using device Intel(R) Iris(TM) Plus Graphics 640 (low power)
Initializing Metal device caps: Intel(R) Iris(TM) Plus Graphics 640
Initialize mono
Mono path[0] = '/Applications/Unity/Hub/Editor/2021.1.23f1/Unity.app/Contents/Managed'
Mono path[1] = '/Applications/Unity/Hub/Editor/2021.1.23f1/Unity.app/Contents/MonoBleedingEdge/lib/mono/unityjit'
Mono config path = '/Applications/Unity/Hub/Editor/2021.1.23f1/Unity.app/Contents/MonoBleedingEdge/etc'
Using monoOptions --debugger-agent=transport=dt_socket,embedding=1,server=y,suspend=n,address=127.0.0.1:56112
Begin MonoManager ReloadAssembly
Registering precompiled unity dll's ...
Register platform support module: /Applications/Unity/Hub/Editor/2021.1.23f1/PlaybackEngines/WebGLSupport/UnityEditor.WebGL.Extensions.dll
Register platform support module: /Applications/Unity/Hub/Editor/2021.1.23f1/Unity.app/Contents/PlaybackEngines/MacStandaloneSupport/UnityEditor.OSXStandalone.Extensions.dll
Registered in 0.008430 seconds.
Native extension for OSXStandalone target not found
Native extension for WebGL target not found
Refreshing native plugins compatible for Editor in 156.97 ms, found 3 plugins.
Preloading 0 native plugins for Editor in 0.00 ms.
Mono: successfully reloaded assembly
- Completed reload, in  4.400 seconds
Domain Reload Profiling:
	ReloadAssembly (4400ms)
		BeginReloadAssembly (141ms)
			ExecutionOrderSort (0ms)
			DisableScriptedObjects (0ms)
			BackupInstance (0ms)
			ReleaseScriptingObjects (0ms)
			CreateAndSetChildDomain (1ms)
		EndReloadAssembly (822ms)
			LoadAssemblies (144ms)
			RebuildTransferFunctionScriptingTraits (0ms)
			SetupTypeCache (288ms)
			ReleaseScriptCaches (0ms)
			RebuildScriptCaches (63ms)
			SetupLoadedEditorAssemblies (396ms)
				LogAssemblyErrors (0ms)
				InitializePlatformSupportModulesInManaged (11ms)
				SetLoadedEditorAssemblies (0ms)
				RefreshPlugins (157ms)
				BeforeProcessingInitializeOnLoad (2ms)
				ProcessInitializeOnLoadAttributes (171ms)
				ProcessInitializeOnLoadMethodAttributes (54ms)
				AfterProcessingInitializeOnLoad (0ms)
				EditorAssembliesLoaded (0ms)
			ExecutionOrderSort2 (0ms)
			AwakeInstancesAfterBackupRestoration (0ms)
Platform modules already initialized, skipping
Registering precompiled user dll's ...
Registered in 0.007854 seconds.
Begin MonoManager ReloadAssembly
Symbol file LoadedFromMemory doesn't match image /Users/chenmingming/Desktop/unity/Unity_2D_jump/2D_jump/Library/PackageCache/com.unity.visualscripting@1.6.1/Editor/VisualScripting.Core/Dependencies/YamlDotNet/Unity.VisualScripting.YamlDotNet.dll
Symbol file LoadedFromMemory doesn't match image /Users/chenmingming/Desktop/unity/Unity_2D_jump/2D_jump/Library/PackageCache/com.unity.visualscripting@1.6.1/Editor/VisualScripting.Core/Dependencies/DotNetZip/Unity.VisualScripting.IonicZip.dll
Native extension for OSXStandalone target not found
Native extension for WebGL target not found
Refreshing native plugins compatible for Editor in 121.99 ms, found 3 plugins.
Preloading 0 native plugins for Editor in 0.00 ms.
Mono: successfully reloaded assembly
- Completed reload, in  1.770 seconds
Domain Reload Profiling:
	ReloadAssembly (1770ms)
		BeginReloadAssembly (213ms)
			ExecutionOrderSort (0ms)
			DisableScriptedObjects (8ms)
			BackupInstance (0ms)
			ReleaseScriptingObjects (0ms)
			CreateAndSetChildDomain (43ms)
		EndReloadAssembly (1478ms)
			LoadAssemblies (167ms)
			RebuildTransferFunctionScriptingTraits (0ms)
			SetupTypeCache (528ms)
			ReleaseScriptCaches (1ms)
			RebuildScriptCaches (81ms)
			SetupLoadedEditorAssemblies (561ms)
				LogAssemblyErrors (0ms)
				InitializePlatformSupportModulesInManaged (5ms)
				SetLoadedEditorAssemblies (0ms)
				RefreshPlugins (122ms)
				BeforeProcessingInitializeOnLoad (98ms)
				ProcessInitializeOnLoadAttributes (315ms)
				ProcessInitializeOnLoadMethodAttributes (19ms)
				AfterProcessingInitializeOnLoad (1ms)
				EditorAssembliesLoaded (0ms)
			ExecutionOrderSort2 (0ms)
			AwakeInstancesAfterBackupRestoration (9ms)
Platform modules already initialized, skipping
========================================================================
Worker process is ready to serve import requests
Launching external process: /Applications/Unity/Hub/Editor/2021.1.23f1/Unity.app/Contents/Tools/UnityShaderCompiler
Launched and connected shader compiler UnityShaderCompiler after 0.03 seconds
Refreshing native plugins compatible for Editor in 0.92 ms, found 3 plugins.
Preloading 0 native plugins for Editor in 0.00 ms.
Unloading 3676 Unused Serialized files (Serialized files now loaded: 0)
System memory in use before: 254.0 MB.
System memory in use after: 254.2 MB.

Unloading 30 unused Assets to reduce memory usage. Loaded Objects now: 4128.
Total: 4.462716 ms (FindLiveObjects: 0.282206 ms CreateObjectMapping: 0.241449 ms MarkObjects: 3.872379 ms  DeleteObjects: 0.065350 ms)

AssetImportParameters requested are different than current active one (requested -> active):
  custom:video-decoder-ogg-theora: a1e56fd34408186e4bbccfd4996cb3dc -> 
  custom:container-muxer-webm: aa71ff27fc2769a1b78a27578f13a17b -> 
  custom:container-demuxer-webm: 4f35f7cbe854078d1ac9338744f61a02 -> 
  custom:container-demuxer-ogg: 62fdf1f143b41e24485cea50d1cbac27 -> 
  custom:video-encoder-webm-vp8: eb34c28f22e8b96e1ab97ce403110664 -> 
  custom:framework-osx-AVFoundation: b23960f63f64bdc6ff669e2cdcee2391 -> 
  custom:video-decoder-webm-vp8: 9c59270c3fd7afecdb556c50c9e8de78 -> 
  custom:audio-decoder-ogg-vorbis: bf7c407c2cedff20999df2af8eb42d56 -> 
  custom:audio-encoder-webm-vorbis: bf7c407c2cedff20999df2af8eb42d56 -> 
========================================================================
Received Import Request.
  path: Assets/場景/開始畫面.unity
  artifactKey: Guid(c8b72537d851c4761b23dc53c666faf6) Importer(815301076,1909f56bfc062723c751e8b465ee728b)
Start importing Assets/場景/開始畫面.unity using Guid(c8b72537d851c4761b23dc53c666faf6) Importer(815301076,1909f56bfc062723c751e8b465ee728b)  -> (artifact id: 'a873f4992487317796adcd33399eccd0') in 0.013740 seconds 
========================================================================
Received Import Request.
  Time since last request: 89.836980 seconds.
  path: Assets/場景/遊戲場景.unity
  artifactKey: Guid(0b674db1ac24be84882514f70488cf47) Importer(815301076,1909f56bfc062723c751e8b465ee728b)
Start importing Assets/場景/遊戲場景.unity using Guid(0b674db1ac24be84882514f70488cf47) Importer(815301076,1909f56bfc062723c751e8b465ee728b)  -> (artifact id: 'e3a1139051e9675bc063bbf2a67a111e') in 0.010572 seconds 
========================================================================
Received Import Request.
  Time since last request: 740.720836 seconds.
  path: Assets/圖片/Square.png
  artifactKey: Guid(7c6ffa3d3832e4da98aae10be50c87cd) Importer(815301076,1909f56bfc062723c751e8b465ee728b)
Start importing Assets/圖片/Square.png using Guid(7c6ffa3d3832e4da98aae10be50c87cd) Importer(815301076,1909f56bfc062723c751e8b465ee728b)  -> (artifact id: 'dd1880c1a63cbba3885d995fd26f6e2d') in 0.507285 seconds 
========================================================================
Received Import Request.
  Time since last request: 9.580346 seconds.
  path: Assets/圖片/方形.png
  artifactKey: Guid(7c6ffa3d3832e4da98aae10be50c87cd) Importer(815301076,1909f56bfc062723c751e8b465ee728b)
Start importing Assets/圖片/方形.png using Guid(7c6ffa3d3832e4da98aae10be50c87cd) Importer(815301076,1909f56bfc062723c751e8b465ee728b)  -> (artifact id: 'fcdb06306f8ad8ca7d947af0393888e9') in 0.017923 seconds 
========================================================================
Received Import Request.
  Time since last request: 1584.483024 seconds.
  path: Assets/圖片/293630_right_triangle_icon.png
  artifactKey: Guid(477eb1fb5d4c4480f87b1024399252fe) Importer(815301076,1909f56bfc062723c751e8b465ee728b)
Start importing Assets/圖片/293630_right_triangle_icon.png using Guid(477eb1fb5d4c4480f87b1024399252fe) Importer(815301076,1909f56bfc062723c751e8b465ee728b)  -> (artifact id: 'c073fd04459a3df2b3d77c88e63ded80') in 0.022810 seconds 
========================================================================
Received Import Request.
  Time since last request: 23.574535 seconds.
  path: Assets/圖片/三角形.png
  artifactKey: Guid(477eb1fb5d4c4480f87b1024399252fe) Importer(815301076,1909f56bfc062723c751e8b465ee728b)
Start importing Assets/圖片/三角形.png using Guid(477eb1fb5d4c4480f87b1024399252fe) Importer(815301076,1909f56bfc062723c751e8b465ee728b)  -> (artifact id: '0778c067032ae0d9c0abad62fa85b69c') in 0.017356 seconds 
AssetImportWorkerClient::OnTransportError - code=2 error=End of file
